<?xml version="1.0" encoding="UTF-8"?>
<testng-results skipped="0" failed="0" total="1" passed="1">
  <reporter-output>
  </reporter-output>
  <suite name="Default suite" duration-ms="15394" started-at="2017-09-09T08:59:11Z" finished-at="2017-09-09T08:59:26Z">
    <groups>
    </groups>
    <test name="Default test" duration-ms="15394" started-at="2017-09-09T08:59:11Z" finished-at="2017-09-09T08:59:26Z">
      <class name="com.ujjwal.testNg.TestCases">
        <test-method status="PASS" signature="beforeSuite()[pri:0, instance:com.ujjwal.testNg.TestCases@675d3402]" name="beforeSuite" is-config="true" duration-ms="27" started-at="2017-09-09T14:29:11Z" finished-at="2017-09-09T14:29:11Z">
          <reporter-output>
          </reporter-output>
        </test-method> <!-- beforeSuite -->
        <test-method status="PASS" signature="f()[pri:0, instance:com.ujjwal.testNg.TestCases@675d3402]" name="f" duration-ms="15339" started-at="2017-09-09T14:29:11Z" finished-at="2017-09-09T14:29:26Z">
          <reporter-output>
          </reporter-output>
        </test-method> <!-- f -->
        <test-method status="PASS" signature="afterSuite()[pri:0, instance:com.ujjwal.testNg.TestCases@675d3402]" name="afterSuite" is-config="true" duration-ms="1038" started-at="2017-09-09T14:29:27Z" finished-at="2017-09-09T14:29:28Z">
          <reporter-output>
          </reporter-output>
        </test-method> <!-- afterSuite -->
      </class> <!-- com.ujjwal.testNg.TestCases -->
    </test> <!-- Default test -->
  </suite> <!-- Default suite -->
</testng-results>
